Downloading/unpacking scikit-learn
  Getting page https://pypi.python.org/simple/scikit-learn/
  URLs to search for versions for scikit-learn:
  * https://pypi.python.org/simple/scikit-learn/
  Analyzing links from page https://pypi.python.org/simple/scikit-learn/
    Skipping https://pypi.python.org/packages/01/80/4d57f03974014074c589c6335a14c964134525cf55a1decde79469b3cb4f/scikit_learn-0.17-cp34-none-win32.whl#md5=ea795385750e3bdf6a5dc629c1e99c3e (from https://pypi.python.org/simple/scikit-learn/) because it is not compatible with this Python
    Skipping https://pypi.python.org/packages/02/1f/04294f9bde5748fd92e647a13c6e030da058eed6ff34e628bbaf2ffbad12/scikit_learn-0.15.1-cp27-none-win32.whl#md5=7db988b8103cdb16a023149286c95edc (from https://pypi.python.org/simple/scikit-learn/) because it is not compatible with this Python
    Skipping link https://pypi.python.org/packages/03/44/21184a7d0279b7e1b749ce0387c9ff206875df957a8a4dcedf7661b85b69/scikit-learn-0.9.win32-py2.7.exe#md5=a49250f990beaa4851d7f17a129bc12d (from https://pypi.python.org/simple/scikit-learn/); unknown archive format: .exe
    Skipping https://pypi.python.org/packages/03/fb/964451757486dd3759422e3b277951ca580ae45a3af18a22c2574522f85a/scikit_learn-0.16.1-cp27-none-macosx_10_6_intel.macosx_10_9_intel.macosx_10_9_x86_64.macosx_10_10_intel.macosx_10_10_x86_64.whl#md5=5309baa1f17dcd73c01ba3718b505a07 (from https://pypi.python.org/simple/scikit-learn/) because it is not compatible with this Python
    Found link https://pypi.python.org/packages/05/1a/1139353f1acfbcfb65e3a365bb7f6fac6caade67ebd6b542a2587fc98184/scikit-learn-0.15.1.tar.gz#md5=236aa05b1a6d067c28f34d5e9942af17 (from https://pypi.python.org/simple/scikit-learn/), version: 0.15.1
    Skipping link https://pypi.python.org/packages/05/90/9d5849aaca1161b43a29de5923834b0b8625d6e830a27753d35d3287b18b/scikit-learn-0.15.0.win-amd64-py3.4.exe#md5=3302000da8311d2b89f9420cee36411f (from https://pypi.python.org/simple/scikit-learn/); unknown archive format: .exe
    Skipping https://pypi.python.org/packages/07/05/375ff2fc53668a48509887ed06f603073e5946de188ea4866bea5b00e6f5/scikit_learn-0.17.1-cp27-cp27m-win_amd64.whl#md5=df8a1be2d8c412f6b814c2e7ffaa37f6 (from https://pypi.python.org/simple/scikit-learn/) because it is not compatible with this Python
    Skipping link https://pypi.python.org/packages/0a/4b/619a13ff23b230637a09c2f0f294f337fb551d1f3e94276a13fc43dece97/scikit-learn-0.15.2.win32-py2.7.exe#md5=62481e598def1c7ed3db9424b6faa81e (from https://pypi.python.org/simple/scikit-learn/); unknown archive format: .exe
    Skipping https://pypi.python.org/packages/0a/a5/f9f7aaa7b55a72195fcf85aa3e79495140bb2c6fff4c2655f56668a277de/scikit_learn-0.17-cp27-none-macosx_10_6_intel.macosx_10_9_intel.macosx_10_9_x86_64.macosx_10_10_intel.macosx_10_10_x86_64.whl#md5=dc8b046c3284eeddddc7d63631ebe3cc (from https://pypi.python.org/simple/scikit-learn/) because it is not compatible with this Python
    Skipping link https://pypi.python.org/packages/0a/b2/a65fce287b8eb851cfeecb52b6cf402502fd598aca4c190df2bf2988b639/scikit-learn-0.17.win-amd64-py3.5.exe#md5=246ccaccecad4b83f79bb9cedb97219d (from https://pypi.python.org/simple/scikit-learn/); unknown archive format: .exe
    Found link https://pypi.python.org/packages/0d/1d/9c775f9403565f68aa23f9cef76c817a7115abd7ca1e1c5958a68c49fb6f/scikit-learn-0.17.1.tar.gz#md5=a2f8b877e6d99b1ed737144f5a478dfc (from https://pypi.python.org/simple/scikit-learn/), version: 0.17.1
    Skipping https://pypi.python.org/packages/0d/a5/cc991f94fdacdf786a03b5e2042b07edf25feee04e7e58122a22be4ecc79/scikit_learn-0.17b1-cp27-none-win32.whl#md5=25aee2b665aed9381d75493b242bd82d (from https://pypi.python.org/simple/scikit-learn/) because it is not compatible with this Python
    Skipping https://pypi.python.org/packages/0e/32/e02d8cb044526c6168d6df1c5b225c1160b9568d486c92f7e78ca6d145db/scikit_learn-0.17b1-cp34-none-win_amd64.whl#md5=9db9a67f5e8427fa467022b81dfccf85 (from https://pypi.python.org/simple/scikit-learn/) because it is not compatible with this Python
    Skipping https://pypi.python.org/packages/0e/67/41af20e07bb80feea34d399a729c383c036269ca9a94ee2f3e09107c86ab/scikit_learn-0.17.1-cp35-cp35m-macosx_10_6_intel.macosx_10_9_intel.macosx_10_9_x86_64.macosx_10_10_intel.macosx_10_10_x86_64.whl#md5=04ebb89851f6f6c323f91aba4673ec6e (from https://pypi.python.org/simple/scikit-learn/) because it is not compatible with this Python
    Skipping https://pypi.python.org/packages/0e/82/152cbfc8236786c3a050cc138995036bc971e04ad5d7d0edbc36799998b0/scikit_learn-0.15.1-cp34-none-win_amd64.whl#md5=35a252383f6eff19feaebef04290b742 (from https://pypi.python.org/simple/scikit-learn/) because it is not compatible with this Python
    Skipping https://pypi.python.org/packages/11/6c/8e0be07d3bf38e58dac251d14a4f31e6f45324b97b04a0ca9b179a22af9f/scikit_learn-0.17-cp33-cp33m-macosx_10_6_intel.macosx_10_9_intel.macosx_10_9_x86_64.macosx_10_10_intel.macosx_10_10_x86_64.whl#md5=f59b91a585f797e130b40400e33053b6 (from https://pypi.python.org/simple/scikit-learn/) because it is not compatible with this Python
    Skipping link https://pypi.python.org/packages/11/70/309438e4148ffb6d6d346ec2d56f99506e9ca2d271d56815ca93a8bc4497/scikit-learn-0.10.win32-py2.7.exe#md5=80155af06dcb7258cd4bb5846c36440c (from https://pypi.python.org/simple/scikit-learn/); unknown archive format: .exe
    Found link https://pypi.python.org/packages/13/05/712a48016a7d07091fc1813f4620503a350cf1cf3c14eab6afe650628238/scikit-learn-0.10.tar.gz#md5=6e1d9f0e69b7b23f8c77fe92393d12c0 (from https://pypi.python.org/simple/scikit-learn/), version: 0.10
    Skipping https://pypi.python.org/packages/13/21/159505ec74195f634f3e9cdae55ea032aa313a0d782dd1db8659f59bd8ec/scikit_learn-0.17-cp34-cp34m-macosx_10_6_intel.macosx_10_9_intel.macosx_10_9_x86_64.macosx_10_10_intel.macosx_10_10_x86_64.whl#md5=e3fdcf228dff8c34130efffad5f094b5 (from https://pypi.python.org/simple/scikit-learn/) because it is not compatible with this Python
    Skipping link https://pypi.python.org/packages/16/d6/ade04acfab6e2fd6a917952fbc9f1f1dc959854d9dd18a6567e558a7f8b0/scikit-learn-0.16.0.win-amd64-py3.4.exe#md5=26ee251e57a81096213df71a5aaea5fe (from https://pypi.python.org/simple/scikit-learn/); unknown archive format: .exe
    Skipping https://pypi.python.org/packages/17/e3/9d6e812beabbc08fc5191a51f3a4d4fe0dfba26847b689d3de49f5729d5b/scikit_learn-0.17-cp35-none-win32.whl#md5=5a8dd51a6e12291dcfa0819fa3a87677 (from https://pypi.python.org/simple/scikit-learn/) because it is not compatible with this Python
    Skipping https://pypi.python.org/packages/1b/4f/82af669a9cb89718068de560b4bf2b2ccaf586b47952817367c1145e4f74/scikit_learn-0.15.0b1-cp27-none-win32.whl#md5=346dd692beeae5cbb5b22415ad53fbc4 (from https://pypi.python.org/simple/scikit-learn/) because it is not compatible with this Python
    Skipping https://pypi.python.org/packages/1c/c2/a74b0b66b397e65b47f58bb733760eb92d588aec15e61cc5919b73fb1301/scikit_learn-0.16.0-cp27-none-macosx_10_6_intel.macosx_10_9_intel.macosx_10_9_x86_64.macosx_10_10_intel.macosx_10_10_x86_64.whl#md5=db1c4ce62a96bd10835d165c952f6664 (from https://pypi.python.org/simple/scikit-learn/) because it is not compatible with this Python
    Found link https://pypi.python.org/packages/1d/54/397f4113723a298c01a1d74f0e2f5472658fbaac3d0b98abc199a9b8a129/scikit-learn-0.16.0.tar.gz#md5=aab04c077f91615137c0da266cf29398 (from https://pypi.python.org/simple/scikit-learn/), version: 0.16.0
    Skipping https://pypi.python.org/packages/21/fe/3c7de60987f5ee5baa399ebc35afd8c28db13f804c4753c60564567e03c1/scikit_learn-0.17-cp35-cp35m-macosx_10_6_intel.macosx_10_9_intel.macosx_10_9_x86_64.macosx_10_10_intel.macosx_10_10_x86_64.whl#md5=1cbf7e0cdfc42881bbbf87ccd9f08834 (from https://pypi.python.org/simple/scikit-learn/) because it is not compatible with this Python
    Skipping https://pypi.python.org/packages/25/d8/b594066829dfb1beb5b2ee56001770fe56441dc9044aa739055cdbc337ab/scikit_learn-0.17b1-cp27-none-macosx_10_6_intel.macosx_10_9_intel.macosx_10_9_x86_64.macosx_10_10_intel.macosx_10_10_x86_64.whl#md5=6e55e97ad8835dc39b5a39f4b84ad44d (from https://pypi.python.org/simple/scikit-learn/) because it is not compatible with this Python
    Skipping link https://pypi.python.org/packages/2a/0c/a0fe1b2519c2744aa657854a74218967022f967abc8df44d607d5d3deafe/scikit-learn-0.17b1.win32-py3.4.exe#md5=99fb2a4a1693f7d9b9969fbebf0aefe9 (from https://pypi.python.org/simple/scikit-learn/); unknown archive format: .exe
    Skipping link https://pypi.python.org/packages/2d/75/fa064136c56f5aa2d90505c7b6ecbacbdeb8ab5a28dd71297434bfa23c58/scikit-learn-0.13.win32-py2.7.exe#md5=eff3ad3bfc8a7ce2875c9244e9239d8c (from https://pypi.python.org/simple/scikit-learn/); unknown archive format: .exe
    Skipping https://pypi.python.org/packages/2e/5f/c1876ffd448c86fa49c91f356db3537dd5b858a50f1c59b30f856ba27907/scikit_learn-0.15.0-cp27-none-macosx_10_6_intel.macosx_10_9_intel.macosx_10_9_x86_64.whl#md5=1e9e6e85b0041500c65feaf6a6cb3414 (from https://pypi.python.org/simple/scikit-learn/) because it is not compatible with this Python
    Skipping https://pypi.python.org/packages/2e/b1/0d3a49ec0d7d199e65fe3ef6b1c3c8de3343bf3da8c52d70865e13099b23/scikit_learn-0.15.2-cp34-cp34m-macosx_10_6_intel.macosx_10_9_intel.macosx_10_9_x86_64.macosx_10_10_intel.macosx_10_10_x86_64.whl#md5=f3fd9686d8ba5cab3188177d6a7c8128 (from https://pypi.python.org/simple/scikit-learn/) because it is not compatible with this Python
    Skipping link https://pypi.python.org/packages/30/1c/c2388e64acbcd9206ec0ed092b5b2e9e1ecbac554aaf31c7b176de50b18f/scikit-learn-0.16.1.win-amd64-py2.7.exe#md5=f2200264382a7f76cd9d8bc8f709de8d (from https://pypi.python.org/simple/scikit-learn/); unknown archive format: .exe
    Skipping https://pypi.python.org/packages/30/c2/c7f63bbed99398ab833a3daf22e3872e34e88056bd444e43fb2c8cd2bfbf/scikit_learn-0.16.0-cp34-none-win32.whl#md5=4b4eeacd95270ae835fd136a1915b461 (from https://pypi.python.org/simple/scikit-learn/) because it is not compatible with this Python
    Skipping link https://pypi.python.org/packages/32/19/4eee43f9c23afdb82edabc42530e24aa2c838db6942badd83fdd22512292/scikit-learn-0.17b1.win32-py3.5.exe#md5=3f005dccb533f32ce482bf594633e37e (from https://pypi.python.org/simple/scikit-learn/); unknown archive format: .exe
    Skipping https://pypi.python.org/packages/35/07/406f29749596a25c3a4b3cad1476388c1e12a3bb9535b29802992bc32233/scikit_learn-0.15.0-cp27-none-win32.whl#md5=b79bcb085e05d71d19cf70632d1cc13e (from https://pypi.python.org/simple/scikit-learn/) because it is not compatible with this Python
    Skipping link https://pypi.python.org/packages/35/ca/2016bdd57aff0ef8c027a27c2ea82cee38bb183a0ccd7ef9eb553458441e/scikit-learn-0.17.1.win32-py3.4.exe#md5=48d392a41d328f19b138e5f019bddf11 (from https://pypi.python.org/simple/scikit-learn/); unknown archive format: .exe
    Skipping link https://pypi.python.org/packages/36/8a/9325987992594c72950f668a2a5a4a6aacb5a2cb773b5412ff95754e29cd/scikit-learn-0.14.1.win32-py3.3.exe#md5=c8a9af01c60310415fbcee0143783167 (from https://pypi.python.org/simple/scikit-learn/); unknown archive format: .exe
    Skipping https://pypi.python.org/packages/36/cf/026f57d5b3237f12a0746c46a2a79932609db2f2381520c58f564a69b4ff/scikit_learn-0.16b1-cp34-none-win_amd64.whl#md5=514eabfdd743484c5b66a4f532202f8c (from https://pypi.python.org/simple/scikit-learn/) because it is not compatible with this Python
    Skipping link https://pypi.python.org/packages/37/32/1107ef361b2af6490195de9125c4936cc0872f4ef128b23b6654204b1cb0/scikit-learn-0.15.1.win-amd64-py2.7.exe#md5=92a29fd6a8d423de1bc9d742458cdd7d (from https://pypi.python.org/simple/scikit-learn/); unknown archive format: .exe
    Skipping https://pypi.python.org/packages/37/e4/653a9f4aed684a4f740f04c0b3472cbc97ca363249b4deefa4f0220ffaac/scikit_learn-0.15.0-cp34-cp34m-macosx_10_6_intel.macosx_10_9_intel.macosx_10_9_x86_64.whl#md5=a25bc0f839df114974fee798fc1642de (from https://pypi.python.org/simple/scikit-learn/) because it is not compatible with this Python
    Skipping link https://pypi.python.org/packages/3b/f4/f4cb8a7c8a590dc9e71459b67dc3f5fd43599d7d294dd66676339d8dd2d4/scikit-learn-0.17.1.win-amd64-py3.4.exe#md5=952d2dd14385dcfd835f97eea0b6f60e (from https://pypi.python.org/simple/scikit-learn/); unknown archive format: .exe
    Skipping link https://pypi.python.org/packages/3c/26/9c52b34a19c4e99d39402dfe05d1660c192eebc8912f098f9b206b25cebd/scikit-learn-0.15.1.win-amd64-py3.4.exe#md5=227bcbdf9115860d28925278d96697b3 (from https://pypi.python.org/simple/scikit-learn/); unknown archive format: .exe
    Skipping link https://pypi.python.org/packages/3e/33/92afc463638ebd28f7abb362006994098513e99718806978958b007d2230/scikit-learn-0.13.win32-py2.6.exe#md5=27927ef29be5c7485c582f2a5338cc49 (from https://pypi.python.org/simple/scikit-learn/); unknown archive format: .exe
    Skipping https://pypi.python.org/packages/3f/00/a121f1545906c867c4749615472c74c2cdfb0c1162cfe9734a2ae6e9aa6b/scikit_learn-0.16b1-cp27-none-win_amd64.whl#md5=143ac117e0f6f832498599113a198838 (from https://pypi.python.org/simple/scikit-learn/) because it is not compatible with this Python
    Skipping link https://pypi.python.org/packages/3f/6b/b93daf0ec0bb98fcb7d86e21c4ec9f28643bc5e51cad98867dfc8f6c5f20/scikit-learn-0.9.win32-py2.6.exe#md5=4c606914f500f6444a84b1f1d57bfab1 (from https://pypi.python.org/simple/scikit-learn/); unknown archive format: .exe
    Skipping link https://pypi.python.org/packages/3f/b6/0db5ddfbc62d3b49fbc5b55b491ca06b05004f79637109e10c529c4061e2/scikit-learn-0.16.0.win32-py3.4.exe#md5=444030ca534de03212b872212cac3fc3 (from https://pypi.python.org/simple/scikit-learn/); unknown archive format: .exe
    Skipping link https://pypi.python.org/packages/3f/bf/bfd8ecf1c3957172195602d04bf3aa2b5f6e96f8f7ec267ad029bd40fa7c/scikit-learn-0.17b1.win-amd64-py3.4.exe#md5=4a362d9f42976af6327a77039b30e780 (from https://pypi.python.org/simple/scikit-learn/); unknown archive format: .exe
    Found link https://pypi.python.org/packages/40/91/ec319f8ddad10539440192ac0ed6f445eda57472f370e66a70bdaf90003d/scikit-learn-0.16.1.tar.gz#md5=363ddda501e3b6b61726aa40b8dbdb7e (from https://pypi.python.org/simple/scikit-learn/), version: 0.16.1
    Skipping https://pypi.python.org/packages/45/5c/a9676c2c8eef3ede4bb415a169620d8eb533f73c24979f1d365266a4676b/scikit_learn-0.15.0b2-cp34-none-win32.whl#md5=b2e67549be67afac9c9dd91bbe038a0d (from https://pypi.python.org/simple/scikit-learn/) because it is not compatible with this Python
    Found link https://pypi.python.org/packages/46/19/aa5c7e17afd8ffe27b58da68215c6fca9232d889831171f57ec4257b288e/scikit-learn-0.15.0b2.tar.gz#md5=4f53087c4197664a4e6b5a5b25fab12d (from https://pypi.python.org/simple/scikit-learn/), version: 0.15.0b2
    Skipping link https://pypi.python.org/packages/47/3d/2e55624c741a72f439e744d47af37f6490a886c9839d5023323f5370102b/scikit-learn-0.15.0.win-amd64-py2.7.exe#md5=3960b8284bdbea6380d2fcee291eb992 (from https://pypi.python.org/simple/scikit-learn/); unknown archive format: .exe
    Skipping link https://pypi.python.org/packages/48/ed/f42a88b6496119314356c72e7d860f67c192534e9af8c1a940a8743bcbf6/scikit-learn-0.15.2.win-amd64-py2.7.exe#md5=81ff82a9233cc44ddbd3789947dcee40 (from https://pypi.python.org/simple/scikit-learn/); unknown archive format: .exe
    Skipping link https://pypi.python.org/packages/4a/74/e2bc9e30ec2982741b7426623ebbeeb146f7b2111c4bab3ad83d77bfd874/scikit-learn-0.15.1.win32-py3.4.exe#md5=929659584cd919f3ce3201c58392a4ee (from https://pypi.python.org/simple/scikit-learn/); unknown archive format: .exe
    Skipping https://pypi.python.org/packages/4a/d3/7f0f63108de794983e4fd09dd03ff130b60cf1ef5ed191581186379b81e1/scikit_learn-0.15.1-cp34-none-win32.whl#md5=6fc88d57fce29ceb159c6afbf86902d4 (from https://pypi.python.org/simple/scikit-learn/) because it is not compatible with this Python
    Skipping link https://pypi.python.org/packages/4e/1d/2a181ef517cf34d4741dfba24c0be0f956c5a292f8af5cdbb784561c8753/scikit-learn-0.17.1.win-amd64-py3.5.exe#md5=66fd0bbaf374ff3b9b6941863dad892b (from https://pypi.python.org/simple/scikit-learn/); unknown archive format: .exe
    Skipping https://pypi.python.org/packages/50/81/50287749f65128f51a0167df09cfd458f40660277b3ab8d88d17d958ec21/scikit_learn-0.17-cp27-none-win_amd64.whl#md5=64b687c869e8c17fed5ca75ac4da3687 (from https://pypi.python.org/simple/scikit-learn/) because it is not compatible with this Python
    Skipping link https://pypi.python.org/packages/51/7a/ac5b06aa36ed070f6cec7661577e65249c2f61dbc854deea06ac747731e8/scikit-learn-0.10.win32-py2.6.exe#md5=eae1e20fc4d7ebc3ec2d1c31cb5eb1a5 (from https://pypi.python.org/simple/scikit-learn/); unknown archive format: .exe
    Skipping https://pypi.python.org/packages/52/7e/63da2bcf085c308e7d14bc00242ceb1bbbf842cb5bad2e4c55abea164082/scikit_learn-0.15.0-cp34-none-win_amd64.whl#md5=5be01e312be5e0f99e7ec2ad27f8ebea (from https://pypi.python.org/simple/scikit-learn/) because it is not compatible with this Python
    Skipping https://pypi.python.org/packages/54/ec/0999b22ee4dc15dd7f58df40ecca48f1bb73aa73b29ae7ff2c78981390ce/scikit_learn-0.16b1-cp34-cp34m-macosx_10_6_intel.macosx_10_9_intel.macosx_10_9_x86_64.macosx_10_10_intel.macosx_10_10_x86_64.whl#md5=af07bed07d0d899b12bfb0c7d85ce6dc (from https://pypi.python.org/simple/scikit-learn/) because it is not compatible with this Python
    Skipping https://pypi.python.org/packages/56/54/4ae6cbdaedd0c923f9b490d01f01d9acb0edba721dc4694e9b1d37847ca8/scikit_learn-0.16.0-cp27-none-win32.whl#md5=cbfdfac448ee1344addab2bcb21a7c83 (from https://pypi.python.org/simple/scikit-learn/) because it is not compatible with this Python
    Skipping link https://pypi.python.org/packages/57/30/bc91458d8cbf15c23994b1695ce2b38655dad4cf612ff8dcaaf83992b04a/scikit-learn-0.15.2.win32-py3.4.exe#md5=fa4ec799eafb6fd7486aeec62b5e8482 (from https://pypi.python.org/simple/scikit-learn/); unknown archive format: .exe
    Skipping link https://pypi.python.org/packages/58/0c/0f0051b2c4f58a7f495dc827c93ff1d8fabdf0bad2ec9affbf6849664b5a/scikit-learn-0.15.0b1.win32-py2.7.exe#md5=50b238af024c6ccd6c0631bb57c39054 (from https://pypi.python.org/simple/scikit-learn/); unknown archive format: .exe
    Skipping https://pypi.python.org/packages/58/57/3c8e0068caff6a0c33db01aa5f38e473e6a86022852272b22f247b2f34ef/scikit_learn-0.15.0b2-cp27-none-win32.whl#md5=93daa6644605c038dd43510c5a5c2e18 (from https://pypi.python.org/simple/scikit-learn/) because it is not compatible with this Python
    Skipping link https://pypi.python.org/packages/58/8a/ba9d83c8d55a6c97a6db7cc04ca59574f146880d2d3f29e92509a955a93f/scikit-learn-0.12.win32-py2.6.exe#md5=3fdb37b8754167fb2ddde035306cf4ae (from https://pypi.python.org/simple/scikit-learn/); unknown archive format: .exe
    Found link https://pypi.python.org/packages/59/09/9a418abee3124e0b2a1ccd20d0bba9802e1f02d8c42bf92e576f6082b44d/scikit-learn-0.12.1.tar.gz#md5=7e8b3434f9e8198b82dc3774f8bc9394 (from https://pypi.python.org/simple/scikit-learn/), version: 0.12.1
    Found link https://pypi.python.org/packages/59/d1/9787f5ba4f4859d9f059439ebbed23052558a20f1f1f4cd32fef48fab0db/scikit-learn-0.13.tar.gz#md5=8d6029f668a330aded7afe5df18df4dc (from https://pypi.python.org/simple/scikit-learn/), version: 0.13
    Skipping https://pypi.python.org/packages/5c/4e/83e5dc768b945a7fa32cf2287ffa50d55c15d9bdb782f56f3edec592eb8b/scikit_learn-0.17.1-cp27-cp27m-win32.whl#md5=45304b718131055f3a52fa63bd11bac8 (from https://pypi.python.org/simple/scikit-learn/) because it is not compatible with this Python
    Found link https://pypi.python.org/packages/5c/9b/b460bb498e158ec76db41760bd9df2e7875b4e474c08a5dc8bc12a285a5a/scikit-learn-0.16b1.tar.gz#md5=6f2fbb30709b62ca51f7f76bdafc62a9 (from https://pypi.python.org/simple/scikit-learn/), version: 0.16b1
    Skipping link https://pypi.python.org/packages/5f/0b/bf2628ccc72e9a1755d9de1bbf2d2096f6f080ba4e2e5058ebc3011e2e32/scikit-learn-0.16b1.win-amd64-py3.4.exe#md5=64e41d8e6090042f0c6074207eba31fb (from https://pypi.python.org/simple/scikit-learn/); unknown archive format: .exe
    Skipping link https://pypi.python.org/packages/5f/77/8cf98a2361ec516a3292a218e513ca5ab001b7b5ed5ca0ecc48257281521/scikit-learn-0.17.1.win-amd64-py2.7.exe#md5=d32672b7e826068d899c0815f5ffa2d3 (from https://pypi.python.org/simple/scikit-learn/); unknown archive format: .exe
    Skipping link https://pypi.python.org/packages/5f/7d/f670c39b035a7d64702a71580655d8adf13000421448383e449e3391133c/scikit-learn-0.15.0b2.win32-py3.4.exe#md5=bd304a01087f34b3e2ec34b17a1eab63 (from https://pypi.python.org/simple/scikit-learn/); unknown archive format: .exe
    Found link https://pypi.python.org/packages/60/b8/c420dce3f72d95e06f7c1e50a6e705f4e8b6078d7d6db38425ac77ae3fab/scikit-learn-0.17.tar.gz#md5=4b5cebc8c92cfe33749ae8ab3b2149b7 (from https://pypi.python.org/simple/scikit-learn/), version: 0.17
    Skipping https://pypi.python.org/packages/60/ed/d6523ed3c7bb1702cd20e106790735087a1c7fae6d22b855165b9c282404/scikit_learn-0.17.1-cp35-cp35m-manylinux1_x86_64.whl#md5=3a76514dbe5ce67eef3625c658cea5d0 (from https://pypi.python.org/simple/scikit-learn/) because it is not compatible with this Python
    Skipping https://pypi.python.org/packages/61/2a/d2c2b0353b3b9c333c59cfa7d79d0c0def7b9bebcf64a918419018889ac3/scikit_learn-0.16b1-cp33-cp33m-macosx_10_6_intel.macosx_10_9_intel.macosx_10_9_x86_64.macosx_10_10_intel.macosx_10_10_x86_64.whl#md5=479fc83fe90c2cf4b946966b99e7dc1d (from https://pypi.python.org/simple/scikit-learn/) because it is not compatible with this Python
    Skipping link https://pypi.python.org/packages/61/52/a2e148892ab729652504b98f5cc8040a0c4105c031512c8ec41e44ad043f/scikit-learn-0.15.0.win32-py2.7.exe#md5=5c10c2e662f5cc7033f4a204cc827eb2 (from https://pypi.python.org/simple/scikit-learn/); unknown archive format: .exe
    Skipping link https://pypi.python.org/packages/62/34/783e7d1c74bf203ed780c3ce343b2a3d36beee495e7d71ad095aa67c8318/scikit-learn-0.16.0.win32-py2.7.exe#md5=4a35ac6da8e2e7cdda3ae68ac2723552 (from https://pypi.python.org/simple/scikit-learn/); unknown archive format: .exe
    Skipping https://pypi.python.org/packages/63/11/fee3084c2d15a6c221b00e743c2b38e6f213dad8d73c9ef390769e07755a/scikit_learn-0.17b1-cp35-none-win_amd64.whl#md5=3d92005c315df399f97fbdd968056985 (from https://pypi.python.org/simple/scikit-learn/) because it is not compatible with this Python
    Found link https://pypi.python.org/packages/66/1a/ca01adae875224457bbfcd2755424c6cd5bfffe0a1bcb34e5bd349c9e347/scikit-learn-0.15.2.tar.gz#md5=d9822ad0238e17b382a3c756ea94fe0d (from https://pypi.python.org/simple/scikit-learn/), version: 0.15.2
    Skipping https://pypi.python.org/packages/69/ca/8514eb0bc4c50b13077ab7266a2733e47cf203b4c23b22dfea27703d2227/scikit_learn-0.16.0-cp34-none-win_amd64.whl#md5=9160c103eae243e2eb415792ab736b41 (from https://pypi.python.org/simple/scikit-learn/) because it is not compatible with this Python
    Skipping https://pypi.python.org/packages/6d/21/5dc686dcb0705e3ab914427afc6a7b73e8241db8d5a67bd7962520fc7e5f/scikit_learn-0.17-cp35-none-win_amd64.whl#md5=4c0fa06f460eeb776a9f570dd718989f (from https://pypi.python.org/simple/scikit-learn/) because it is not compatible with this Python
    Skipping https://pypi.python.org/packages/6e/5a/d3ff0fd5a774248455d2154e10b04e1010699a3285eb3ac6ceb304f68c00/scikit_learn-0.17.1-cp35-cp35m-win32.whl#md5=c20c9efc75fbd6002e3c28f36f27f424 (from https://pypi.python.org/simple/scikit-learn/) because it is not compatible with this Python
    Skipping https://pypi.python.org/packages/6f/e7/088d7ba65aaa41b892d2ea5f3eb20a7cded65190d5d69066ace2210d334e/scikit_learn-0.16.0-cp33-cp33m-macosx_10_6_intel.macosx_10_9_intel.macosx_10_9_x86_64.macosx_10_10_intel.macosx_10_10_x86_64.whl#md5=2297326a4cf1a8407de04011b52946e7 (from https://pypi.python.org/simple/scikit-learn/) because it is not compatible with this Python
    Skipping https://pypi.python.org/packages/71/8c/863847d00f7cc0c41ac19c468e0060312432cc8956aa4a1b78f53adfd749/scikit_learn-0.15.0b1-cp34-cp34m-macosx_10_6_intel.whl#md5=7f4568e31e7bf98edef5d97e9ed5d0fd (from https://pypi.python.org/simple/scikit-learn/) because it is not compatible with this Python
    Skipping https://pypi.python.org/packages/76/98/a2a269052d27ad9dc1dc9305b99f41f023184b39aa07c8206508ff0c5fe7/scikit_learn-0.16b1-cp34-none-win32.whl#md5=5ae742434316126c15b5305a0b3707ba (from https://pypi.python.org/simple/scikit-learn/) because it is not compatible with this Python
    Skipping https://pypi.python.org/packages/76/f3/e6879d7caff660d5e8e5e438e4d57f603645045ae20d5445c413f4503c38/scikit_learn-0.15.1-cp34-cp34m-macosx_10_6_intel.macosx_10_9_intel.macosx_10_9_x86_64.whl#md5=b19c1ea3bbe2e9dff217a1c9aded58d8 (from https://pypi.python.org/simple/scikit-learn/) because it is not compatible with this Python
    Skipping link https://pypi.python.org/packages/78/c2/65f6360841828a840798822b94ac37bf31074dbd7950ab4c204746375471/scikit-learn-0.17b1.win32-py2.7.exe#md5=c1116b5fce006dc47499ef915a7d9319 (from https://pypi.python.org/simple/scikit-learn/); unknown archive format: .exe
    Skipping link https://pypi.python.org/packages/79/6a/c316c0732a133c9fab341451c8a0dc24d55df28bd736e90fb62387ff2d74/scikit-learn-0.17.win-amd64-py3.4.exe#md5=142e2e3d6917fbce2f4b599e3f8ad068 (from https://pypi.python.org/simple/scikit-learn/); unknown archive format: .exe
    Skipping link https://pypi.python.org/packages/7a/d9/3b3181e382927b09ecb633245ed240769877c55963ec3a8540e74c8d55a3/scikit-learn-0.17.win32-py3.4.exe#md5=e5beeb38bce10e935f59ed35d0aee6cd (from https://pypi.python.org/simple/scikit-learn/); unknown archive format: .exe
    Skipping https://pypi.python.org/packages/7b/f5/85c8707c9dd05bedd4083fae7b77bc7f9ce1f5cf1cf56391414102f13924/scikit_learn-0.15.1-cp33-cp33m-macosx_10_6_intel.macosx_10_9_intel.macosx_10_9_x86_64.whl#md5=3c4839336c811614eced8a77e3b1f0f8 (from https://pypi.python.org/simple/scikit-learn/) because it is not compatible with this Python
    Found link https://pypi.python.org/packages/7e/57/55b4bf2330d138fbfcc3e88f4c255dfc665ce5b3562df0488a060078bf79/scikit-learn-0.11.tar.gz#md5=5894414f9b3b7bfcc7936ecb7beaa2ce (from https://pypi.python.org/simple/scikit-learn/), version: 0.11
    Skipping https://pypi.python.org/packages/7e/f1/1cc8a1ae2b4de89bff0981aee904ff05779c49a4c660fa38178f9772d3a7/scikit_learn-0.17.1-cp34-cp34m-manylinux1_x86_64.whl#md5=a722a7372b64ec9f7b49a2532d21372b (from https://pypi.python.org/simple/scikit-learn/) because it is not compatible with this Python
    Skipping link https://pypi.python.org/packages/80/4f/7812576483bbc392905bbe540d8d45d53fec026612c430698b3663e8617d/scikit-learn-0.12.1.win32-py2.7.exe#md5=a1790e30a8cc364355cbd28f1b587e95 (from https://pypi.python.org/simple/scikit-learn/); unknown archive format: .exe
    Skipping link https://pypi.python.org/packages/81/e6/6c8bde581d40c7a3f8eb6979249a64781e2d37306d06872fa40c35d0c406/scikit-learn-0.11.win32-py2.7.exe#md5=fd12e7a56f8bba6402a905691af759d5 (from https://pypi.python.org/simple/scikit-learn/); unknown archive format: .exe
    Skipping https://pypi.python.org/packages/84/ce/3bcc4918cd9516d8665f240b92e3c8e11482214fc3763014687d879151ee/scikit_learn-0.17b1-cp35-none-win32.whl#md5=d4aea4b9d2211cf0aabaf996f2600910 (from https://pypi.python.org/simple/scikit-learn/) because it is not compatible with this Python
    Skipping https://pypi.python.org/packages/85/c7/b50c7b9ff38053e7b29ef866b14257d8695524d73c9e90e344ce238e77fa/scikit_learn-0.15.0b1-cp27-none-macosx_10_6_intel.whl#md5=0ec7a81a13a42c21dfddb1e8bf3625e9 (from https://pypi.python.org/simple/scikit-learn/) because it is not compatible with this Python
    Skipping link https://pypi.python.org/packages/85/e6/9fc99eada970be6e27b01984fa8058fde9a12b01e619f49c4fa2580c0e2a/scikit-learn-0.17.win-amd64-py2.7.exe#md5=e7dc22a5cfe9ec9147f8c46b0f733f14 (from https://pypi.python.org/simple/scikit-learn/); unknown archive format: .exe
    Skipping https://pypi.python.org/packages/88/1e/9fccfa97ab06ac9f713cba771c7dd7486b80e48b24ef481c14f11c74c92d/scikit_learn-0.15.0b2-cp27-none-macosx_10_6_intel.macosx_10_9_intel.macosx_10_9_x86_64.whl#md5=7aab89563bf84f15cd968d8f2f4fdf1e (from https://pypi.python.org/simple/scikit-learn/) because it is not compatible with this Python
    Skipping link https://pypi.python.org/packages/8a/0d/f995e6ba0959aa0b8bb23fdb7d57a15cb50c36393265c1aa5fcb8db89c7f/scikit-learn-0.17.win32-py3.5.exe#md5=1023490cf9d09612338efa04deb31b83 (from https://pypi.python.org/simple/scikit-learn/); unknown archive format: .exe
    Skipping https://pypi.python.org/packages/8a/b1/0e5b63445e7350e78300268669cac2bdc33c779b503ab0d8efc4cb903495/scikit_learn-0.16.1-cp34-none-win_amd64.whl#md5=a1881b3154cfe094a86a1719ccc3e9a0 (from https://pypi.python.org/simple/scikit-learn/) because it is not compatible with this Python
    Skipping https://pypi.python.org/packages/8b/c6/194073f0746f3e2be219b845252bc04dc9a8cc630c292d6ab6a79edec396/scikit_learn-0.16.1-cp34-none-win32.whl#md5=ca5864cdf9f1938aa1a55d6092bf5c86 (from https://pypi.python.org/simple/scikit-learn/) because it is not compatible with this Python
    Found link https://pypi.python.org/packages/8e/0f/e75beb3358644442411a896cdef9c99d8e2b7874b58428f789036f433b72/scikit-learn-0.12.tar.gz#md5=0e1f6c60b43a4f447bf363583c1fc204 (from https://pypi.python.org/simple/scikit-learn/), version: 0.12
    Skipping link https://pypi.python.org/packages/8f/3e/894f8a4945bd870ffd27cbf02461141e9363cbd3b8129307dc7ad413c5b2/scikit-learn-0.16.1.win32-py3.4.exe#md5=28dc57e538e074748832d18fb8a93e88 (from https://pypi.python.org/simple/scikit-learn/); unknown archive format: .exe
    Skipping https://pypi.python.org/packages/90/b3/4f706ed6a6937529f46d65ff933c56ffc503f729bc414f02ac9f52ae090a/scikit_learn-0.15.2-cp34-none-win32.whl#md5=40552c03c3aed7910d03b5801fbb3f26 (from https://pypi.python.org/simple/scikit-learn/) because it is not compatible with this Python
    Skipping link https://pypi.python.org/packages/92/89/2d4b63e0dde16d8f083470e2e499ffdacfe389495b5fe4330db598ae429b/scikit-learn-0.13.1.win32-py2.6.exe#md5=6fcfd76f705f30c4fabaece0832026fc (from https://pypi.python.org/simple/scikit-learn/); unknown archive format: .exe
    Skipping link https://pypi.python.org/packages/96/a3/5716ed7be23f61d7302e5c285bc373ddf43addef296008fd1b44cf243bca/scikit-learn-0.16b1.win32-py3.4.exe#md5=55e1e3f49637c7e8d174babef5c210db (from https://pypi.python.org/simple/scikit-learn/); unknown archive format: .exe
    Skipping link https://pypi.python.org/packages/9a/cb/72e4650eb3838d794cb4a6ca6f4641f5423c25970a05a38351a583211b37/scikit-learn-0.15.2.win-amd64-py3.4.exe#md5=98dd7e0ae801f5e6f0a4c8698552b30f (from https://pypi.python.org/simple/scikit-learn/); unknown archive format: .exe
    Skipping https://pypi.python.org/packages/9b/52/df80f79ecc03aff6efa999dd7979797d890743fb2bf86a6efd0a56159cc7/scikit_learn-0.15.2-cp34-none-win_amd64.whl#md5=67b0bb3225a473e406104e502dc4440e (from https://pypi.python.org/simple/scikit-learn/) because it is not compatible with this Python
    Skipping link https://pypi.python.org/packages/9f/95/579c5ba404439fff76169ecdd78fbc928725c6d544a08f6c6dd9224f6ba1/scikit-learn-0.16.1.win-amd64-py3.4.exe#md5=a7f4fcfbd9342a179b6b3bca7fae3b0a (from https://pypi.python.org/simple/scikit-learn/); unknown archive format: .exe
    Skipping https://pypi.python.org/packages/a2/77/108e926c1cb8431061a3de48a6dc6ea9ef1615c5cac1caa9ea2a5622c36c/scikit_learn-0.15.0-cp34-none-win32.whl#md5=df15d7b80897c46d34b595579dfbf8b0 (from https://pypi.python.org/simple/scikit-learn/) because it is not compatible with this Python
    Found link https://pypi.python.org/packages/a2/f4/ea25fe640fadca8a8d860a397f77c427737fbdbc3edb04e8070680f850a0/scikit-learn-0.15.0.tar.gz#md5=7017e300ee98475d2c3648ba9b9046b5 (from https://pypi.python.org/simple/scikit-learn/), version: 0.15.0
    Skipping https://pypi.python.org/packages/a3/6f/aec142207ecb2fcd99558ec73533e0472ef7de51816541363c115dfff287/scikit_learn-0.16.0-cp27-none-win_amd64.whl#md5=1c2c64ddf790c7ffbb9cf16f62639388 (from https://pypi.python.org/simple/scikit-learn/) because it is not compatible with this Python
    Skipping https://pypi.python.org/packages/a5/f5/5ad09671713efb7ed775db650f8590c6f750eb5d5a95784610205dd6dfb9/scikit_learn-0.17b1-cp35-cp35m-macosx_10_6_intel.macosx_10_9_intel.macosx_10_9_x86_64.macosx_10_10_intel.macosx_10_10_x86_64.whl#md5=800f255df8c96c0f8c56e3bb1012ae85 (from https://pypi.python.org/simple/scikit-learn/) because it is not compatible with this Python
    Skipping link https://pypi.python.org/packages/a7/ed/141e2b6de504bd61313894a8cef9c09a5b3bfcb3020c4d4289d4f7058c99/scikit-learn-0.16b1.win-amd64-py2.7.exe#md5=74913dce02b7d0695d17a3a62c8ae689 (from https://pypi.python.org/simple/scikit-learn/); unknown archive format: .exe
    Skipping https://pypi.python.org/packages/a9/6a/c82c30c182f7aaa04d5d161ecdbc719a1f62efddcd407588c91695b01fec/scikit_learn-0.17.1-cp33-cp33m-macosx_10_6_intel.macosx_10_9_intel.macosx_10_9_x86_64.macosx_10_10_intel.macosx_10_10_x86_64.whl#md5=05db336cad44f5e8603122a4a007f500 (from https://pypi.python.org/simple/scikit-learn/) because it is not compatible with this Python
    Skipping https://pypi.python.org/packages/ae/09/42938d17f29f678101fca8764dc367fbbbfbf58d109686f9e6bd4a977055/scikit_learn-0.17.1-cp27-cp27m-macosx_10_6_intel.macosx_10_9_intel.macosx_10_9_x86_64.macosx_10_10_intel.macosx_10_10_x86_64.whl#md5=1f17339a1a304a4def12496d2e0f48dd (from https://pypi.python.org/simple/scikit-learn/) because it is not compatible with this Python
    Skipping https://pypi.python.org/packages/af/8e/eb22aae432e656e24129fa9dc36db637e47611c246a905e715f3a58075be/scikit_learn-0.16b1-cp27-none-macosx_10_6_intel.macosx_10_9_intel.macosx_10_9_x86_64.macosx_10_10_intel.macosx_10_10_x86_64.whl#md5=2bb0c30a0660d8df2100a676f066874e (from https://pypi.python.org/simple/scikit-learn/) because it is not compatible with this Python
    Skipping link https://pypi.python.org/packages/b0/ac/3515d78f07ffabe8f69733c8381e1b7c7601ea0870009681bdc27e0aa165/scikit-learn-0.13.1.win32-py2.7.exe#md5=4ccd4120b7543e3fb0ef31a0e5cd6716 (from https://pypi.python.org/simple/scikit-learn/); unknown archive format: .exe
    Skipping link https://pypi.python.org/packages/b0/c0/03d6201d4f0f398664f178dd33a185d79a0155027957fb3c91796ec9cd95/scikit-learn-0.15.0.win32-py3.4.exe#md5=88f0dd62403d4cca48226aa63b982490 (from https://pypi.python.org/simple/scikit-learn/); unknown archive format: .exe
    Skipping https://pypi.python.org/packages/b4/dd/b9b1a05e2e6849eed9bf97e5d1ab9996c841874f7618bd6184fc832e14b3/scikit_learn-0.17-cp27-none-win32.whl#md5=23df7d8437f6898200167fd76bda3d21 (from https://pypi.python.org/simple/scikit-learn/) because it is not compatible with this Python
    Skipping link https://pypi.python.org/packages/b5/cc/20abe158da6554670f9781f2c8a83b1a00af3b4dd97ea8cb39cbdcfaddd5/scikit-learn-0.16b1.win32-py2.7.exe#md5=3a312661e318a20a8375c98b423130df (from https://pypi.python.org/simple/scikit-learn/); unknown archive format: .exe
    Skipping link https://pypi.python.org/packages/b6/22/340e4d5779bf1a57b0d07fc944ddbc0d2e5301c3dc0a2707b327639997ed/scikit-learn-0.15.1.win32-py2.7.exe#md5=837f0f6a460dbdefadf87363d3a8fb3a (from https://pypi.python.org/simple/scikit-learn/); unknown archive format: .exe
    Skipping link https://pypi.python.org/packages/b8/67/7a8434ba69ae7f6578f1edfce5fccc3218bc27ca94972451dc09355e129f/scikit-learn-0.14.1.win32-py2.6.exe#md5=2a5709db958f3904ea8ee9431cc3b0b7 (from https://pypi.python.org/simple/scikit-learn/); unknown archive format: .exe
    Skipping https://pypi.python.org/packages/b8/9a/02d5d76be66c57aaa9f917c87007b9b0bf486992cc7701512464d1ce11e9/scikit_learn-0.17.1-cp34-cp34m-win32.whl#md5=ab00daed7cdac4cb16ad0613b91be07e (from https://pypi.python.org/simple/scikit-learn/) because it is not compatible with this Python
    Skipping link https://pypi.python.org/packages/bb/13/3cfa372760019fcd457c957257d6b3004a1a75484e2af56bca60b40d0718/scikit-learn-0.12.win32-py2.7.exe#md5=52f797b12fb948b62b1b0ef94d851fee (from https://pypi.python.org/simple/scikit-learn/); unknown archive format: .exe
    Skipping link https://pypi.python.org/packages/bb/a6/7541c8d022b39023d0059c142079aedf0f79cd103c3e7ac2032f346158ed/scikit-learn-0.17b1.win-amd64-py3.5.exe#md5=95bf273132aebbca9e8c8d890265f361 (from https://pypi.python.org/simple/scikit-learn/); unknown archive format: .exe
    Skipping https://pypi.python.org/packages/bd/cd/d1e13cd1adb86171aab6efc0f40aebd97efdbd8d3a3f53fdbae1666e54fc/scikit_learn-0.16.1-cp34-cp34m-macosx_10_6_intel.macosx_10_9_intel.macosx_10_9_x86_64.macosx_10_10_intel.macosx_10_10_x86_64.whl#md5=195617979cad940ba3d358e4bd4f1172 (from https://pypi.python.org/simple/scikit-learn/) because it is not compatible with this Python
    Skipping https://pypi.python.org/packages/bf/80/06e77e5a682c46a3880ec487a5f9d910f5c8d919df9aca58052089687c7e/scikit_learn-0.17.1-cp27-cp27mu-manylinux1_x86_64.whl#md5=337b91f502138ba7fd722803138f6dfd (from https://pypi.python.org/simple/scikit-learn/) because it is not compatible with this Python
    Skipping https://pypi.python.org/packages/c1/4f/c8a3322c4a04d10c1b3b9718d7547eabae23e9883507d086866cd3d182ec/scikit_learn-0.16.0-cp34-cp34m-macosx_10_6_intel.macosx_10_9_intel.macosx_10_9_x86_64.macosx_10_10_intel.macosx_10_10_x86_64.whl#md5=b72085f29b7956168bb259210de60100 (from https://pypi.python.org/simple/scikit-learn/) because it is not compatible with this Python
    Skipping link https://pypi.python.org/packages/c2/8b/8e5d3b8c50d79a4f95206c7b0a34f8aba18645d35c28c12eb5649e5107ec/scikit-learn-0.17.1.win32-py2.7.exe#md5=4e999bbc9b21d78b8d371f0aaf9d66aa (from https://pypi.python.org/simple/scikit-learn/); unknown archive format: .exe
    Skipping https://pypi.python.org/packages/c4/d8/7c3c663204984ac0a074c215c6e538499c20d22fae5944d58ecf79866cb5/scikit_learn-0.17b1-cp34-cp34m-macosx_10_6_intel.macosx_10_9_intel.macosx_10_9_x86_64.macosx_10_10_intel.macosx_10_10_x86_64.whl#md5=d5e041a53e1f60f19890fac9b60153dc (from https://pypi.python.org/simple/scikit-learn/) because it is not compatible with this Python
    Skipping https://pypi.python.org/packages/c4/e5/e5f7a3748d1e6008e267d9d9d98bb67e90ef7959821b22da193c98a40861/scikit_learn-0.16b1-cp27-none-win32.whl#md5=1a6c9785ac64eef10b5f45edf44b4d39 (from https://pypi.python.org/simple/scikit-learn/) because it is not compatible with this Python
    Skipping https://pypi.python.org/packages/c7/f2/a6fa6ca145695971b3d1721003f065086aa0eceb91a2660c715e0776b86d/scikit_learn-0.17.1-cp35-cp35m-win_amd64.whl#md5=a57862a5a2aadc3e6a002d1c112e3592 (from https://pypi.python.org/simple/scikit-learn/) because it is not compatible with this Python
    Skipping link https://pypi.python.org/packages/c8/53/f14f3cdd5c2b71768cf184a2a9e2c56f90a5cb757268b0ecf54f927618bd/scikit-learn-0.14.1.win32-py2.7.exe#md5=8ae2354a7d48107865719bdee5715649 (from https://pypi.python.org/simple/scikit-learn/); unknown archive format: .exe
    Found link https://pypi.python.org/packages/c8/86/bdda6763881e01f24f1e1d062a1198f84f0377f4f2d3c4c33dea56325ecd/scikit-learn-0.17b1.tar.gz#md5=30b55f436793492bc623d1368f7fe098 (from https://pypi.python.org/simple/scikit-learn/), version: 0.17b1
    Skipping https://pypi.python.org/packages/ca/5e/df9b08dc481b811b4017ffb1dfe9cb6eb5ba792c83faa4d08c0a294f9d34/scikit_learn-0.15.2-cp33-cp33m-macosx_10_6_intel.macosx_10_9_intel.macosx_10_9_x86_64.macosx_10_10_intel.macosx_10_10_x86_64.whl#md5=b943f8e0086d5a73fa956c0890113625 (from https://pypi.python.org/simple/scikit-learn/) because it is not compatible with this Python
    Skipping https://pypi.python.org/packages/ca/78/cf000924341971f7d29e4300a92d235f33d3aeb0362f610b3280ba510aa5/scikit_learn-0.17b1-cp34-none-win32.whl#md5=a7a2d3de57aa3426127d07f1c118690f (from https://pypi.python.org/simple/scikit-learn/) because it is not compatible with this Python
    Found link https://pypi.python.org/packages/cb/ed/475361d83b9e73e60be4a729fc59a899847208238c8be2a6bf13695dbf94/scikit-learn-0.13.1.tar.gz#md5=acba398e1d46274b8470f40d0926e6a4 (from https://pypi.python.org/simple/scikit-learn/), version: 0.13.1
    Skipping https://pypi.python.org/packages/cc/dd/3bebe2a181bb4d4c4283ce414a5f69e6593728e5ac27a4554d8b06ab9f35/scikit_learn-0.15.1-cp27-none-macosx_10_6_intel.macosx_10_9_intel.macosx_10_9_x86_64.whl#md5=6c261c02649821434def58a51a6038e6 (from https://pypi.python.org/simple/scikit-learn/) because it is not compatible with this Python
    Found link https://pypi.python.org/packages/cd/17/8624d6ba8d91f77fbbf4b6e42dda77450dd647125fcdb3f894c6b9d44a36/scikit-learn-0.9.tar.gz#md5=25491af8dde7be9138f7e1d283bb3a50 (from https://pypi.python.org/simple/scikit-learn/), version: 0.9
    Skipping link https://pypi.python.org/packages/d0/2f/f7d27d17afac945df99caa4e9bb0bef1bc4f9901969261387f26ba5ec059/scikit-learn-0.17.1.win32-py3.5.exe#md5=2e19db956536dafa20dfb96f0712ba3a (from https://pypi.python.org/simple/scikit-learn/); unknown archive format: .exe
    Skipping https://pypi.python.org/packages/d3/29/67d29f9e94667ab11b68195f9831ce1a3fb529fd57647833e1950bdd0672/scikit_learn-0.17b1-cp27-none-win_amd64.whl#md5=c18ff548d07d6a26e34a30e6cc5d0aeb (from https://pypi.python.org/simple/scikit-learn/) because it is not compatible with this Python
    Skipping https://pypi.python.org/packages/d3/cb/686d289eaf58e81c40673f93ee9dbcc46053c6768b89a7ede14b7e433a08/scikit_learn-0.17.1-cp34-cp34m-macosx_10_6_intel.macosx_10_9_intel.macosx_10_9_x86_64.macosx_10_10_intel.macosx_10_10_x86_64.whl#md5=415ba274c5ae5e411b68a7498239ec1a (from https://pypi.python.org/simple/scikit-learn/) because it is not compatible with this Python
    Skipping https://pypi.python.org/packages/d6/41/e3f45776a1f5fa0aa06be1402bda222b96b14b9b4e3300db887a66be2e16/scikit_learn-0.16.1-cp33-cp33m-macosx_10_6_intel.macosx_10_9_intel.macosx_10_9_x86_64.macosx_10_10_intel.macosx_10_10_x86_64.whl#md5=38365c693e159bf2250c01f7473ce788 (from https://pypi.python.org/simple/scikit-learn/) because it is not compatible with this Python
    Skipping link https://pypi.python.org/packages/d7/f9/73c74b9fb67415a28da98b08b5ace033cd6f9cb25d8b8d5c776d0760a339/scikit-learn-0.17b1.win-amd64-py2.7.exe#md5=07182081ac23b786b8319bfce250abd3 (from https://pypi.python.org/simple/scikit-learn/); unknown archive format: .exe
    Skipping link https://pypi.python.org/packages/da/0e/640c57680221e69f5fa999ede3d15a34fff5fee0de2174ecbf5041eba6d4/scikit-learn-0.11.win32-py2.6.exe#md5=d585305053461699b48ffbb176a16ca8 (from https://pypi.python.org/simple/scikit-learn/); unknown archive format: .exe
    Found link https://pypi.python.org/packages/db/06/066181f92b2a667a8fe3f774ad437b1fdcdc996dd4bc549855e07647c0d9/scikit-learn-0.14.tar.gz#md5=33312ab8bb0d5e630ca8d1ac6c4e21e7 (from https://pypi.python.org/simple/scikit-learn/), version: 0.14
    Skipping link https://pypi.python.org/packages/dd/6a/1c2bfabb368a5c097fb7c24f11d24697ee0c3e038857152c580e5d14997a/scikit-learn-0.16.0.win-amd64-py2.7.exe#md5=f10afc4e1f3ed46a1e71d4f41abb2fa4 (from https://pypi.python.org/simple/scikit-learn/); unknown archive format: .exe
    Skipping https://pypi.python.org/packages/de/a4/9bfb2a7f880f6175c989964d6a162fa9df21ca9e438cf73516472b974467/scikit_learn-0.15.0b1-cp34-none-win32.whl#md5=76c2d10e3c0fd93152c44d4edeb3a32d (from https://pypi.python.org/simple/scikit-learn/) because it is not compatible with this Python
    Found link https://pypi.python.org/packages/df/6c/a0a32f473e99bb8fb913d947092f351363f7c26a3adecc1a28c1cc4646c6/scikit-learn-0.15.0b1.tar.gz#md5=9a227846269d987880ade2b14318a861 (from https://pypi.python.org/simple/scikit-learn/), version: 0.15.0b1
    Skipping https://pypi.python.org/packages/df/e8/9e71a78e6b48df110034eb898003dca1c2f5431ef53f8fc7677d40063b32/scikit_learn-0.17.1-cp34-cp34m-win_amd64.whl#md5=91175585ecb6dc42b7db03191d9dfa20 (from https://pypi.python.org/simple/scikit-learn/) because it is not compatible with this Python
    Skipping https://pypi.python.org/packages/e9/54/92455f03dac66e1f50472dedfb375218d3cd3bada89395734f2116d18fe0/scikit_learn-0.17-cp34-none-win_amd64.whl#md5=2085e9be8efbf8bb02c2f17c790abdd7 (from https://pypi.python.org/simple/scikit-learn/) because it is not compatible with this Python
    Skipping https://pypi.python.org/packages/e9/79/f50307eae50babd0e634ed7153e4ed1522c1be99de1a5bdf900d462df233/scikit_learn-0.16.1-cp27-none-win_amd64.whl#md5=6a3f9d6b75c85665d757d03acd09cf6e (from https://pypi.python.org/simple/scikit-learn/) because it is not compatible with this Python
    Found link https://pypi.python.org/packages/ee/a9/613e8107ea9ad60e03684a2eb2f824646f3d8f14e96ecfbf4077fc313e6c/scikit-learn-0.14.1.tar.gz#md5=790ad23547bb7f428060636628e13491 (from https://pypi.python.org/simple/scikit-learn/), version: 0.14.1
    Skipping https://pypi.python.org/packages/f0/92/24f55458476fee22996cec14696fc66d9152d4387a6d86f81026b25c20b5/scikit_learn-0.15.2-cp27-none-macosx_10_6_intel.macosx_10_9_intel.macosx_10_9_x86_64.macosx_10_10_intel.macosx_10_10_x86_64.whl#md5=64552d8b397eec6ca48f088d202f54c7 (from https://pypi.python.org/simple/scikit-learn/) because it is not compatible with this Python
    Skipping https://pypi.python.org/packages/f2/f1/c46bf61cea162001b8b8a17b7f7fdf67ee4c4379eddad641fc935f143783/scikit_learn-0.15.2-cp27-none-win32.whl#md5=554e8292cc4bf241709b65aaaaf3eb07 (from https://pypi.python.org/simple/scikit-learn/) because it is not compatible with this Python
    Skipping https://pypi.python.org/packages/f3/0d/4215c0b374779ea1197acc20759c89cb77a774e04971c17a0053421ee996/scikit_learn-0.15.1-cp27-none-win_amd64.whl#md5=f6f97c20ac6846132f86b7dde85d04c0 (from https://pypi.python.org/simple/scikit-learn/) because it is not compatible with this Python
    Skipping https://pypi.python.org/packages/f3/2b/37f17e63620ba02fe70e8ddec4c86e53ed290026296b38e50631f0587ebc/scikit_learn-0.15.0-cp27-none-win_amd64.whl#md5=664b66f105b4b96f4bcaed84b6cb5265 (from https://pypi.python.org/simple/scikit-learn/) because it is not compatible with this Python
    Skipping link https://pypi.python.org/packages/f3/d8/c6b08b4223b5f8413e0f058c4effdf34b93efa02a48deb6f86bb2946a7e6/scikit-learn-0.12.1.win32-py2.6.exe#md5=0a352a8087c581d4c75cc2ad4ec043b2 (from https://pypi.python.org/simple/scikit-learn/); unknown archive format: .exe
    Skipping link https://pypi.python.org/packages/f4/73/bf67e4d6e3c200146fbd3f978f07a76cbe6ecd43b1616b4a14354d611054/scikit-learn-0.15.0b2.win32-py2.7.exe#md5=2ff0cc996499f5988a51464033ecc0b0 (from https://pypi.python.org/simple/scikit-learn/); unknown archive format: .exe
    Skipping https://pypi.python.org/packages/f4/8d/8d522f630105cb22741b4654524a106a6f124fec0ff5567f02b1764d560f/scikit_learn-0.15.2-cp27-none-win_amd64.whl#md5=f40eee218b45a2c3058acd60ccfeda0c (from https://pypi.python.org/simple/scikit-learn/) because it is not compatible with this Python
    Skipping link https://pypi.python.org/packages/f9/0b/a4f8ac7455465ef6fc3ea38c4008fa374ad8865109a04e012c91a40d0281/scikit-learn-0.17.win32-py2.7.exe#md5=82a9314d18751d58f09e60078681dcb7 (from https://pypi.python.org/simple/scikit-learn/); unknown archive format: .exe
    Skipping https://pypi.python.org/packages/fa/d0/1be9dfdbf3124cea27c3fcd2cc4bcc4a7c1a3c389edfdd602ab2085e4fd9/scikit_learn-0.15.0b2-cp34-cp34m-macosx_10_6_intel.macosx_10_9_intel.macosx_10_9_x86_64.whl#md5=f0526978a556c9164513c8da9e096ddb (from https://pypi.python.org/simple/scikit-learn/) because it is not compatible with this Python
    Skipping link https://pypi.python.org/packages/fb/b2/1067c87cc0ad54af09ccb7158138ba2ac22d74314daac144e9da7cfc4411/scikit-learn-0.16.1.win32-py2.7.exe#md5=92163784a63ee789cb91347008fe0d7d (from https://pypi.python.org/simple/scikit-learn/); unknown archive format: .exe
    Skipping https://pypi.python.org/packages/fc/28/837d3ac599e1be8630e542c56a585800d63bde8309386fb368a29ed6d9ec/scikit_learn-0.16.1-cp27-none-win32.whl#md5=fdffd90ca6040c28af833467adbd8df3 (from https://pypi.python.org/simple/scikit-learn/) because it is not compatible with this Python
    Skipping link https://pypi.python.org/packages/fd/1c/fb3e192ec7bd1da4e281dc4004a4de49614d5f0d5b1e80b318a56129b9ef/scikit-learn-0.15.0b1.win32-py3.4.exe#md5=12b590def132ca172e64adef7854b6b1 (from https://pypi.python.org/simple/scikit-learn/); unknown archive format: .exe
  Ignoring link https://pypi.python.org/packages/46/19/aa5c7e17afd8ffe27b58da68215c6fca9232d889831171f57ec4257b288e/scikit-learn-0.15.0b2.tar.gz#md5=4f53087c4197664a4e6b5a5b25fab12d (from https://pypi.python.org/simple/scikit-learn/), version 0.15.0b2 is a pre-release (use --pre to allow).
  Ignoring link https://pypi.python.org/packages/5c/9b/b460bb498e158ec76db41760bd9df2e7875b4e474c08a5dc8bc12a285a5a/scikit-learn-0.16b1.tar.gz#md5=6f2fbb30709b62ca51f7f76bdafc62a9 (from https://pypi.python.org/simple/scikit-learn/), version 0.16b1 is a pre-release (use --pre to allow).
  Ignoring link https://pypi.python.org/packages/c8/86/bdda6763881e01f24f1e1d062a1198f84f0377f4f2d3c4c33dea56325ecd/scikit-learn-0.17b1.tar.gz#md5=30b55f436793492bc623d1368f7fe098 (from https://pypi.python.org/simple/scikit-learn/), version 0.17b1 is a pre-release (use --pre to allow).
  Ignoring link https://pypi.python.org/packages/df/6c/a0a32f473e99bb8fb913d947092f351363f7c26a3adecc1a28c1cc4646c6/scikit-learn-0.15.0b1.tar.gz#md5=9a227846269d987880ade2b14318a861 (from https://pypi.python.org/simple/scikit-learn/), version 0.15.0b1 is a pre-release (use --pre to allow).
  Using version 0.17.1 (newest of versions: 0.17.1, 0.17, 0.16.1, 0.16.0, 0.15.2, 0.15.1, 0.15.0, 0.14.1, 0.14, 0.13.1, 0.13, 0.12.1, 0.12, 0.11, 0.10, 0.9)
  Downloading from URL https://pypi.python.org/packages/0d/1d/9c775f9403565f68aa23f9cef76c817a7115abd7ca1e1c5958a68c49fb6f/scikit-learn-0.17.1.tar.gz#md5=a2f8b877e6d99b1ed737144f5a478dfc (from https://pypi.python.org/simple/scikit-learn/)
  Running setup.py (path:/tmp/pip_build_root/scikit-learn/setup.py) egg_info for package scikit-learn
    Partial import of sklearn during the build process.
    running egg_info
    creating pip-egg-info/scikit_learn.egg-info
    writing pip-egg-info/scikit_learn.egg-info/PKG-INFO
    writing top-level names to pip-egg-info/scikit_learn.egg-info/top_level.txt
    writing dependency_links to pip-egg-info/scikit_learn.egg-info/dependency_links.txt
    writing manifest file 'pip-egg-info/scikit_learn.egg-info/SOURCES.txt'
    warning: manifest_maker: standard file '-c' not found
    
    reading manifest file 'pip-egg-info/scikit_learn.egg-info/SOURCES.txt'
    writing manifest file 'pip-egg-info/scikit_learn.egg-info/SOURCES.txt'
  Source in /tmp/pip_build_root/scikit-learn has version 0.17.1, which satisfies requirement scikit-learn
Installing collected packages: scikit-learn
  Running setup.py install for scikit-learn
    Running command /usr/bin/python -c "import setuptools, tokenize;__file__='/tmp/pip_build_root/scikit-learn/setup.py';exec(compile(getattr(tokenize, 'open', open)(__file__).read().replace('\r\n', '\n'), __file__, 'exec'))" install --record /tmp/pip-uQxtxw-record/install-record.txt --single-version-externally-managed --compile
    Partial import of sklearn during the build process.
    Traceback (most recent call last):
      File "<string>", line 1, in <module>
      File "/tmp/pip_build_root/scikit-learn/setup.py", line 247, in <module>
        setup_package()
      File "/tmp/pip_build_root/scikit-learn/setup.py", line 227, in setup_package
        .format(numpy_req_str, instructions))
    ImportError: Numerical Python (NumPy) is not installed.
    scikit-learn requires NumPy >= 1.6.1.
    Installation instructions are available on the scikit-learn website: http://scikit-learn.org/stable/install.html
    
    Complete output from command /usr/bin/python -c "import setuptools, tokenize;__file__='/tmp/pip_build_root/scikit-learn/setup.py';exec(compile(getattr(tokenize, 'open', open)(__file__).read().replace('\r\n', '\n'), __file__, 'exec'))" install --record /tmp/pip-uQxtxw-record/install-record.txt --single-version-externally-managed --compile:
    Partial import of sklearn during the build process.

Traceback (most recent call last):

  File "<string>", line 1, in <module>

  File "/tmp/pip_build_root/scikit-learn/setup.py", line 247, in <module>

    setup_package()

  File "/tmp/pip_build_root/scikit-learn/setup.py", line 227, in setup_package

    .format(numpy_req_str, instructions))

ImportError: Numerical Python (NumPy) is not installed.

scikit-learn requires NumPy >= 1.6.1.

Installation instructions are available on the scikit-learn website: http://scikit-learn.org/stable/install.html



----------------------------------------
Cleaning up...
  Removing temporary dir /tmp/pip_build_root...
Command /usr/bin/python -c "import setuptools, tokenize;__file__='/tmp/pip_build_root/scikit-learn/setup.py';exec(compile(getattr(tokenize, 'open', open)(__file__).read().replace('\r\n', '\n'), __file__, 'exec'))" install --record /tmp/pip-uQxtxw-record/install-record.txt --single-version-externally-managed --compile failed with error code 1 in /tmp/pip_build_root/scikit-learn
Exception information:
Traceback (most recent call last):
  File "/usr/lib/python2.7/dist-packages/pip/basecommand.py", line 122, in main
    status = self.run(options, args)
  File "/usr/lib/python2.7/dist-packages/pip/commands/install.py", line 283, in run
    requirement_set.install(install_options, global_options, root=options.root_path)
  File "/usr/lib/python2.7/dist-packages/pip/req.py", line 1436, in install
    requirement.install(install_options, global_options, *args, **kwargs)
  File "/usr/lib/python2.7/dist-packages/pip/req.py", line 707, in install
    cwd=self.source_dir, filter_stdout=self._filter_install, show_stdout=False)
  File "/usr/lib/python2.7/dist-packages/pip/util.py", line 715, in call_subprocess
    % (command_desc, proc.returncode, cwd))
InstallationError: Command /usr/bin/python -c "import setuptools, tokenize;__file__='/tmp/pip_build_root/scikit-learn/setup.py';exec(compile(getattr(tokenize, 'open', open)(__file__).read().replace('\r\n', '\n'), __file__, 'exec'))" install --record /tmp/pip-uQxtxw-record/install-record.txt --single-version-externally-managed --compile failed with error code 1 in /tmp/pip_build_root/scikit-learn
